2024-01-05 22:30:21,106 [INFO ] com.StepDef_cucu.common_StepDef [main] Execution is Started
2024-01-05 22:30:21,160 [INFO ] com.StepDef_cucu.common_StepDef [main] Instantiation the UtilsCommon
2024-01-05 22:30:21,162 [INFO ] com.StepDef_cucu.common_StepDef [main] Loading the property file
2024-01-05 22:30:21,167 [INFO ] com.StepDef_cucu.common_StepDef [main] Checking Driver is OKAY or NOT?
2024-01-05 22:30:21,168 [INFO ] com.StepDef_cucu.common_StepDef [main] Driver is OKAY and Instantiating it!
2024-01-05 22:30:21,170 [INFO ] com.StepDef_cucu.common_StepDef [main] LaunchingChrome
2024-01-05 22:30:24,098 [INFO ] com.StepDef_cucu.common_StepDef [main] Execution is Started
2024-01-05 22:30:24,099 [INFO ] com.StepDef_cucu.common_StepDef [main] Instantiation the UtilsCommon
2024-01-05 22:30:24,100 [INFO ] com.StepDef_cucu.common_StepDef [main] Loading the property file
2024-01-05 22:30:24,101 [INFO ] com.StepDef_cucu.common_StepDef [main] Checking Driver is OKAY or NOT?
2024-01-05 22:58:54,959 [INFO ] com.StepDef_cucu.common_StepDef [main] Execution is Started
2024-01-05 22:58:54,970 [INFO ] com.StepDef_cucu.common_StepDef [main] Instantiation the UtilsCommon
2024-01-05 22:58:54,973 [INFO ] com.StepDef_cucu.common_StepDef [main] Loading the property file
2024-01-05 22:58:54,989 [INFO ] com.StepDef_cucu.common_StepDef [main] Checking Driver is OKAY or NOT?
2024-01-05 22:58:54,990 [INFO ] com.StepDef_cucu.common_StepDef [main] Driver is OKAY and Instantiating it!
2024-01-05 23:01:13,861 [INFO ] com.StepDef_cucu.common_StepDef [main] Execution is Started
2024-01-05 23:01:13,862 [INFO ] com.StepDef_cucu.common_StepDef [main] Instantiation the UtilsCommon
2024-01-05 23:01:13,862 [INFO ] com.StepDef_cucu.common_StepDef [main] Loading the property file
2024-01-05 23:01:13,865 [INFO ] com.StepDef_cucu.common_StepDef [main] Checking Driver is OKAY or NOT?
2024-01-05 23:01:13,866 [INFO ] com.StepDef_cucu.common_StepDef [main] Driver is OKAY and Instantiating it!
2024-01-05 23:04:19,049 [INFO ] com.StepDef_cucu.common_StepDef [main] Execution is Started
2024-01-05 23:04:19,058 [INFO ] com.StepDef_cucu.common_StepDef [main] Instantiation the UtilsCommon
2024-01-05 23:04:19,061 [INFO ] com.StepDef_cucu.common_StepDef [main] Loading the property file
2024-01-05 23:04:19,064 [INFO ] com.StepDef_cucu.common_StepDef [main] Checking Driver is OKAY or NOT?
2024-01-05 23:04:19,067 [INFO ] com.StepDef_cucu.common_StepDef [main] Driver is OKAY and Instantiating it!
2024-01-05 23:04:23,841 [INFO ] com.StepDef_cucu.common_StepDef [main] Execution is Started
2024-01-05 23:04:23,841 [INFO ] com.StepDef_cucu.common_StepDef [main] Instantiation the UtilsCommon
2024-01-05 23:04:23,842 [INFO ] com.StepDef_cucu.common_StepDef [main] Loading the property file
2024-01-05 23:04:23,844 [INFO ] com.StepDef_cucu.common_StepDef [main] Checking Driver is OKAY or NOT?
2024-01-05 23:04:23,845 [INFO ] com.StepDef_cucu.common_StepDef [main] Driver is OKAY and Instantiating it!
2024-01-05 23:08:21,980 [INFO ] com.StepDef_cucu.common_StepDef [main] Execution is Started
2024-01-05 23:08:21,996 [INFO ] com.StepDef_cucu.common_StepDef [main] Instantiation the UtilsCommon
2024-01-05 23:08:21,999 [INFO ] com.StepDef_cucu.common_StepDef [main] Loading the property file
2024-01-05 23:08:22,002 [INFO ] com.StepDef_cucu.common_StepDef [main] Checking Driver is OKAY or NOT?
2024-01-05 23:08:22,045 [INFO ] com.StepDef_cucu.common_StepDef [main] Driver is OKAY and Instantiating it!
2024-01-05 23:08:27,339 [INFO ] com.StepDef_cucu.common_StepDef [main] Execution is Started
2024-01-05 23:08:27,340 [INFO ] com.StepDef_cucu.common_StepDef [main] Instantiation the UtilsCommon
2024-01-05 23:08:27,340 [INFO ] com.StepDef_cucu.common_StepDef [main] Loading the property file
2024-01-05 23:08:27,341 [INFO ] com.StepDef_cucu.common_StepDef [main] Checking Driver is OKAY or NOT?
